05-12-2020 13:17:50.747 [main] INFO  o.s.b.t.c.SpringBootTestContextBootstrapper.buildDefaultMergedContextConfiguration - Neither @ContextConfiguration nor @ContextHierarchy found for test class [za.co.superdev.discovery.SuperdevEurekaServerApplicationTests], using SpringBootContextLoader
05-12-2020 13:17:50.766 [main] INFO  o.s.t.c.s.AbstractContextLoader.generateDefaultLocations - Could not detect default resource locations for test class [za.co.superdev.discovery.SuperdevEurekaServerApplicationTests]: no resource found for suffixes {-context.xml, Context.groovy}.
05-12-2020 13:17:50.771 [main] INFO  o.s.t.c.s.AnnotationConfigContextLoaderUtils.detectDefaultConfigurationClasses - Could not detect default configuration classes for test class [za.co.superdev.discovery.SuperdevEurekaServerApplicationTests]: SuperdevEurekaServerApplicationTests does not declare any static, non-private, non-final, nested classes annotated with @Configuration.
05-12-2020 13:17:51.224 [main] INFO  o.s.b.t.c.SpringBootTestContextBootstrapper.getOrFindConfigurationClasses - Found @SpringBootConfiguration za.co.superdev.discovery.SuperdevEurekaServerApplication for test class za.co.superdev.discovery.SuperdevEurekaServerApplicationTests
05-12-2020 13:17:51.619 [main] INFO  o.s.b.t.c.SpringBootTestContextBootstrapper.getDefaultTestExecutionListenerClassNames - Loaded default TestExecutionListener class names from location [META-INF/spring.factories]: [org.springframework.boot.test.mock.mockito.MockitoTestExecutionListener, org.springframework.boot.test.mock.mockito.ResetMocksTestExecutionListener, org.springframework.boot.test.autoconfigure.restdocs.RestDocsTestExecutionListener, org.springframework.boot.test.autoconfigure.web.client.MockRestServiceServerResetTestExecutionListener, org.springframework.boot.test.autoconfigure.web.servlet.MockMvcPrintOnlyOnFailureTestExecutionListener, org.springframework.boot.test.autoconfigure.web.servlet.WebDriverTestExecutionListener, org.springframework.boot.test.autoconfigure.webservices.client.MockWebServiceServerTestExecutionListener, org.springframework.test.context.web.ServletTestExecutionListener, org.springframework.test.context.support.DirtiesContextBeforeModesTestExecutionListener, org.springframework.test.context.support.DependencyInjectionTestExecutionListener, org.springframework.test.context.support.DirtiesContextTestExecutionListener, org.springframework.test.context.transaction.TransactionalTestExecutionListener, org.springframework.test.context.jdbc.SqlScriptsTestExecutionListener, org.springframework.test.context.event.EventPublishingTestExecutionListener]
05-12-2020 13:17:51.656 [main] INFO  o.s.b.t.c.SpringBootTestContextBootstrapper.getTestExecutionListeners - Using TestExecutionListeners: [org.springframework.test.context.web.ServletTestExecutionListener@72b16078, org.springframework.test.context.support.DirtiesContextBeforeModesTestExecutionListener@22c86919, org.springframework.boot.test.mock.mockito.MockitoTestExecutionListener@70fab835, org.springframework.boot.test.autoconfigure.SpringBootDependencyInjectionTestExecutionListener@1b0a7baf, org.springframework.test.context.support.DirtiesContextTestExecutionListener@62417a16, org.springframework.test.context.event.EventPublishingTestExecutionListener@32057e6, org.springframework.boot.test.mock.mockito.ResetMocksTestExecutionListener@26be6ca7, org.springframework.boot.test.autoconfigure.restdocs.RestDocsTestExecutionListener@6ea1bcdc, org.springframework.boot.test.autoconfigure.web.client.MockRestServiceServerResetTestExecutionListener@759fad4, org.springframework.boot.test.autoconfigure.web.servlet.MockMvcPrintOnlyOnFailureTestExecutionListener@64712be, org.springframework.boot.test.autoconfigure.web.servlet.WebDriverTestExecutionListener@53499d85, org.springframework.boot.test.autoconfigure.webservices.client.MockWebServiceServerTestExecutionListener@30ed9c6c]
05-12-2020 13:17:54.004 [main] INFO  z.c.s.d.SuperdevEurekaServerApplicationTests.logStarting - Starting SuperdevEurekaServerApplicationTests using Java 11.0.8 on DESKTOP-B4O327M with PID 11484 (started by maldi in D:\Lab\medium\.\superdev-eureka-server-part2)
05-12-2020 13:17:54.009 [main] INFO  z.c.s.d.SuperdevEurekaServerApplicationTests.logStartupProfileInfo - No active profile set, falling back to default profiles: default
05-12-2020 13:17:54.049 [background-preinit] INFO  o.h.validator.internal.util.Version.<clinit> - HV000001: Hibernate Validator 6.1.6.Final
05-12-2020 13:17:57.305 [main] INFO  o.s.cloud.context.scope.GenericScope.setSerializationId - BeanFactory id=91bff89c-2a53-3223-adc0-7d1d46ff5f2f
05-12-2020 13:18:00.218 [main] INFO  o.s.s.c.ThreadPoolTaskExecutor.initialize - Initializing ExecutorService 'applicationTaskExecutor'
05-12-2020 13:18:04.874 [main] INFO  o.s.c.n.e.c.DiscoveryClientOptionalArgsConfiguration.discoveryClientOptionalArgs - Eureka HTTP Client uses Jersey
05-12-2020 13:18:05.203 [main] WARN  o.s.c.l.c.LoadBalancerCacheAutoConfiguration$LoadBalancerCaffeineWarnLogger.logWarning - Spring Cloud LoadBalancer is currently working with the default cache. You can switch to using Caffeine cache, by adding it to the classpath.
05-12-2020 13:18:05.719 [main] INFO  o.s.c.n.eureka.InstanceInfoFactory.create - Setting initial instance status as: STARTING
05-12-2020 13:18:05.816 [main] INFO  c.netflix.discovery.DiscoveryClient.<init> - Initializing Eureka in region us-east-1
05-12-2020 13:18:05.816 [main] INFO  c.netflix.discovery.DiscoveryClient.<init> - Client configured to neither register nor query for data.
05-12-2020 13:18:05.851 [main] INFO  c.netflix.discovery.DiscoveryClient.<init> - Discovery Client initialized at timestamp 1607192285846 with initial instances count: 0
05-12-2020 13:18:06.033 [main] INFO  c.n.e.DefaultEurekaServerContext.initialize - Initializing ...
05-12-2020 13:18:06.053 [main] INFO  c.n.eureka.cluster.PeerEurekaNodes.updatePeerEurekaNodes - Adding new peer nodes [http://localhost:8761/eureka/]
05-12-2020 13:18:07.489 [main] INFO  c.n.d.p.DiscoveryJerseyProvider.<init> - Using JSON encoding codec LegacyJacksonJson
05-12-2020 13:18:07.489 [main] INFO  c.n.d.p.DiscoveryJerseyProvider.<init> - Using JSON decoding codec LegacyJacksonJson
05-12-2020 13:18:07.494 [main] INFO  c.n.d.p.DiscoveryJerseyProvider.<init> - Using XML encoding codec XStreamXml
05-12-2020 13:18:07.495 [main] INFO  c.n.d.p.DiscoveryJerseyProvider.<init> - Using XML decoding codec XStreamXml
05-12-2020 13:18:08.024 [main] INFO  c.n.eureka.cluster.PeerEurekaNodes.start - Replica node URL:  http://localhost:8761/eureka/
05-12-2020 13:18:08.048 [main] INFO  c.n.e.r.AbstractInstanceRegistry.initRemoteRegionRegistry - Finished initializing remote region registries. All known remote regions: []
05-12-2020 13:18:08.051 [main] INFO  c.n.e.DefaultEurekaServerContext.initialize - Initialized
05-12-2020 13:18:08.410 [main] INFO  o.s.b.a.e.web.EndpointLinksResolver.<init> - Exposing 2 endpoint(s) beneath base path '/actuator'
05-12-2020 13:18:08.519 [main] INFO  o.s.c.n.e.s.EurekaServiceRegistry.register - Registering application SUPERDEV-EUREKA-SERVER with eureka with status UP
05-12-2020 13:18:08.532 [Thread-9] INFO  o.s.c.n.e.s.EurekaServerBootstrap.initEurekaEnvironment - Setting the eureka configuration..
05-12-2020 13:18:08.568 [main] INFO  z.c.s.d.SuperdevEurekaServerApplicationTests.logStarted - Started SuperdevEurekaServerApplicationTests in 16.785 seconds (JVM running for 20.169)
05-12-2020 13:18:08.569 [Thread-9] INFO  o.s.c.n.e.s.EurekaServerBootstrap.isAws - isAws returned false
05-12-2020 13:18:08.570 [Thread-9] INFO  o.s.c.n.e.s.EurekaServerBootstrap.initEurekaServerContext - Initialized server context
05-12-2020 13:18:08.570 [Thread-9] INFO  c.n.e.r.PeerAwareInstanceRegistryImpl.openForTraffic - Got 1 instances from neighboring DS node
05-12-2020 13:18:08.570 [Thread-9] INFO  c.n.e.r.PeerAwareInstanceRegistryImpl.openForTraffic - Renew threshold is: 1
05-12-2020 13:18:08.571 [Thread-9] INFO  c.n.e.r.PeerAwareInstanceRegistryImpl.openForTraffic - Changing status to UP
05-12-2020 13:18:08.606 [Thread-9] INFO  o.s.c.n.e.s.EurekaServerInitializerConfiguration.lambda$start$0 - Started Eureka Server
05-12-2020 13:18:09.964 [SpringContextShutdownHook] INFO  o.s.c.n.e.s.EurekaServiceRegistry.deregister - Unregistering application SUPERDEV-EUREKA-SERVER with eureka with status DOWN
05-12-2020 13:18:09.967 [SpringContextShutdownHook] INFO  o.s.c.n.e.s.EurekaServerBootstrap.contextDestroyed - Shutting down Eureka Server..
05-12-2020 13:18:09.975 [SpringContextShutdownHook] INFO  c.n.e.DefaultEurekaServerContext.shutdown - Shutting down ...
05-12-2020 13:18:10.014 [SpringContextShutdownHook] INFO  c.n.e.DefaultEurekaServerContext.shutdown - Shut down
05-12-2020 13:18:10.015 [SpringContextShutdownHook] INFO  o.s.c.n.e.s.EurekaServerBootstrap.contextDestroyed - Eureka Service is now shutdown...
05-12-2020 13:18:10.016 [SpringContextShutdownHook] INFO  c.n.e.DefaultEurekaServerContext.shutdown - Shutting down ...
05-12-2020 13:18:10.031 [SpringContextShutdownHook] INFO  c.n.e.DefaultEurekaServerContext.shutdown - Shut down
05-12-2020 13:18:10.038 [SpringContextShutdownHook] INFO  o.s.s.c.ThreadPoolTaskExecutor.shutdown - Shutting down ExecutorService 'applicationTaskExecutor'
05-12-2020 13:18:10.055 [SpringContextShutdownHook] INFO  c.netflix.discovery.DiscoveryClient.shutdown - Shutting down DiscoveryClient ...
05-12-2020 13:18:10.057 [SpringContextShutdownHook] INFO  c.netflix.discovery.DiscoveryClient.shutdown - Completed shut down of DiscoveryClient
05-12-2020 13:23:10.336 [main] INFO  o.s.b.t.c.SpringBootTestContextBootstrapper.buildDefaultMergedContextConfiguration - Neither @ContextConfiguration nor @ContextHierarchy found for test class [za.co.superdev.discovery.SuperdevEurekaServerApplicationTests], using SpringBootContextLoader
05-12-2020 13:23:10.359 [main] INFO  o.s.t.c.s.AbstractContextLoader.generateDefaultLocations - Could not detect default resource locations for test class [za.co.superdev.discovery.SuperdevEurekaServerApplicationTests]: no resource found for suffixes {-context.xml, Context.groovy}.
05-12-2020 13:23:10.361 [main] INFO  o.s.t.c.s.AnnotationConfigContextLoaderUtils.detectDefaultConfigurationClasses - Could not detect default configuration classes for test class [za.co.superdev.discovery.SuperdevEurekaServerApplicationTests]: SuperdevEurekaServerApplicationTests does not declare any static, non-private, non-final, nested classes annotated with @Configuration.
05-12-2020 13:23:10.793 [main] INFO  o.s.b.t.c.SpringBootTestContextBootstrapper.getOrFindConfigurationClasses - Found @SpringBootConfiguration za.co.superdev.discovery.SuperdevEurekaServerApplication for test class za.co.superdev.discovery.SuperdevEurekaServerApplicationTests
05-12-2020 13:23:11.243 [main] INFO  o.s.b.t.c.SpringBootTestContextBootstrapper.getDefaultTestExecutionListenerClassNames - Loaded default TestExecutionListener class names from location [META-INF/spring.factories]: [org.springframework.boot.test.mock.mockito.MockitoTestExecutionListener, org.springframework.boot.test.mock.mockito.ResetMocksTestExecutionListener, org.springframework.boot.test.autoconfigure.restdocs.RestDocsTestExecutionListener, org.springframework.boot.test.autoconfigure.web.client.MockRestServiceServerResetTestExecutionListener, org.springframework.boot.test.autoconfigure.web.servlet.MockMvcPrintOnlyOnFailureTestExecutionListener, org.springframework.boot.test.autoconfigure.web.servlet.WebDriverTestExecutionListener, org.springframework.boot.test.autoconfigure.webservices.client.MockWebServiceServerTestExecutionListener, org.springframework.test.context.web.ServletTestExecutionListener, org.springframework.test.context.support.DirtiesContextBeforeModesTestExecutionListener, org.springframework.test.context.support.DependencyInjectionTestExecutionListener, org.springframework.test.context.support.DirtiesContextTestExecutionListener, org.springframework.test.context.transaction.TransactionalTestExecutionListener, org.springframework.test.context.jdbc.SqlScriptsTestExecutionListener, org.springframework.test.context.event.EventPublishingTestExecutionListener]
05-12-2020 13:23:11.282 [main] INFO  o.s.b.t.c.SpringBootTestContextBootstrapper.getTestExecutionListeners - Using TestExecutionListeners: [org.springframework.test.context.web.ServletTestExecutionListener@7caa550, org.springframework.test.context.support.DirtiesContextBeforeModesTestExecutionListener@21694e53, org.springframework.boot.test.mock.mockito.MockitoTestExecutionListener@72b16078, org.springframework.boot.test.autoconfigure.SpringBootDependencyInjectionTestExecutionListener@22c86919, org.springframework.test.context.support.DirtiesContextTestExecutionListener@70fab835, org.springframework.test.context.event.EventPublishingTestExecutionListener@1b0a7baf, org.springframework.boot.test.mock.mockito.ResetMocksTestExecutionListener@62417a16, org.springframework.boot.test.autoconfigure.restdocs.RestDocsTestExecutionListener@32057e6, org.springframework.boot.test.autoconfigure.web.client.MockRestServiceServerResetTestExecutionListener@26be6ca7, org.springframework.boot.test.autoconfigure.web.servlet.MockMvcPrintOnlyOnFailureTestExecutionListener@6ea1bcdc, org.springframework.boot.test.autoconfigure.web.servlet.WebDriverTestExecutionListener@759fad4, org.springframework.boot.test.autoconfigure.webservices.client.MockWebServiceServerTestExecutionListener@64712be]
05-12-2020 13:23:14.399 [main] INFO  z.c.s.d.SuperdevEurekaServerApplicationTests.logStarting - Starting SuperdevEurekaServerApplicationTests using Java 11.0.8 on DESKTOP-B4O327M with PID 4356 (started by maldi in D:\Lab\medium\.\superdev-eureka-server-part2)
05-12-2020 13:23:14.403 [main] INFO  z.c.s.d.SuperdevEurekaServerApplicationTests.logStartupProfileInfo - No active profile set, falling back to default profiles: default
05-12-2020 13:23:14.470 [background-preinit] INFO  o.h.validator.internal.util.Version.<clinit> - HV000001: Hibernate Validator 6.1.6.Final
05-12-2020 13:23:17.443 [main] INFO  o.s.cloud.context.scope.GenericScope.setSerializationId - BeanFactory id=91bff89c-2a53-3223-adc0-7d1d46ff5f2f
05-12-2020 13:23:19.640 [main] INFO  o.s.s.c.ThreadPoolTaskExecutor.initialize - Initializing ExecutorService 'applicationTaskExecutor'
05-12-2020 13:23:24.006 [main] INFO  o.s.c.n.e.c.DiscoveryClientOptionalArgsConfiguration.discoveryClientOptionalArgs - Eureka HTTP Client uses Jersey
05-12-2020 13:23:24.340 [main] WARN  o.s.c.l.c.LoadBalancerCacheAutoConfiguration$LoadBalancerCaffeineWarnLogger.logWarning - Spring Cloud LoadBalancer is currently working with the default cache. You can switch to using Caffeine cache, by adding it to the classpath.
05-12-2020 13:23:25.075 [main] INFO  o.s.c.n.eureka.InstanceInfoFactory.create - Setting initial instance status as: STARTING
05-12-2020 13:23:25.202 [main] INFO  c.netflix.discovery.DiscoveryClient.<init> - Initializing Eureka in region us-east-1
05-12-2020 13:23:25.203 [main] INFO  c.netflix.discovery.DiscoveryClient.<init> - Client configured to neither register nor query for data.
05-12-2020 13:23:25.274 [main] INFO  c.netflix.discovery.DiscoveryClient.<init> - Discovery Client initialized at timestamp 1607192605260 with initial instances count: 0
05-12-2020 13:23:25.532 [main] INFO  c.n.e.DefaultEurekaServerContext.initialize - Initializing ...
05-12-2020 13:23:25.544 [main] INFO  c.n.eureka.cluster.PeerEurekaNodes.updatePeerEurekaNodes - Adding new peer nodes [http://localhost:8761/eureka/]
05-12-2020 13:23:27.130 [main] INFO  c.n.d.p.DiscoveryJerseyProvider.<init> - Using JSON encoding codec LegacyJacksonJson
05-12-2020 13:23:27.130 [main] INFO  c.n.d.p.DiscoveryJerseyProvider.<init> - Using JSON decoding codec LegacyJacksonJson
05-12-2020 13:23:27.134 [main] INFO  c.n.d.p.DiscoveryJerseyProvider.<init> - Using XML encoding codec XStreamXml
05-12-2020 13:23:27.135 [main] INFO  c.n.d.p.DiscoveryJerseyProvider.<init> - Using XML decoding codec XStreamXml
05-12-2020 13:23:27.640 [main] INFO  c.n.eureka.cluster.PeerEurekaNodes.start - Replica node URL:  http://localhost:8761/eureka/
05-12-2020 13:23:27.698 [main] INFO  c.n.e.r.AbstractInstanceRegistry.initRemoteRegionRegistry - Finished initializing remote region registries. All known remote regions: []
05-12-2020 13:23:27.702 [main] INFO  c.n.e.DefaultEurekaServerContext.initialize - Initialized
05-12-2020 13:23:28.514 [main] INFO  o.s.b.a.e.web.EndpointLinksResolver.<init> - Exposing 2 endpoint(s) beneath base path '/actuator'
05-12-2020 13:23:28.626 [main] INFO  o.s.c.n.e.s.EurekaServiceRegistry.register - Registering application SUPERDEV-EUREKA-SERVER with eureka with status UP
05-12-2020 13:23:28.641 [Thread-9] INFO  o.s.c.n.e.s.EurekaServerBootstrap.initEurekaEnvironment - Setting the eureka configuration..
05-12-2020 13:23:28.681 [main] INFO  z.c.s.d.SuperdevEurekaServerApplicationTests.logStarted - Started SuperdevEurekaServerApplicationTests in 17.24 seconds (JVM running for 20.595)
05-12-2020 13:23:28.715 [Thread-9] INFO  o.s.c.n.e.s.EurekaServerBootstrap.isAws - isAws returned false
05-12-2020 13:23:28.717 [Thread-9] INFO  o.s.c.n.e.s.EurekaServerBootstrap.initEurekaServerContext - Initialized server context
05-12-2020 13:23:28.718 [Thread-9] INFO  c.n.e.r.PeerAwareInstanceRegistryImpl.openForTraffic - Got 1 instances from neighboring DS node
05-12-2020 13:23:28.720 [Thread-9] INFO  c.n.e.r.PeerAwareInstanceRegistryImpl.openForTraffic - Renew threshold is: 1
05-12-2020 13:23:28.725 [Thread-9] INFO  c.n.e.r.PeerAwareInstanceRegistryImpl.openForTraffic - Changing status to UP
05-12-2020 13:23:28.882 [Thread-9] INFO  o.s.c.n.e.s.EurekaServerInitializerConfiguration.lambda$start$0 - Started Eureka Server
05-12-2020 13:23:30.253 [SpringContextShutdownHook] INFO  o.s.c.n.e.s.EurekaServiceRegistry.deregister - Unregistering application SUPERDEV-EUREKA-SERVER with eureka with status DOWN
05-12-2020 13:23:30.256 [SpringContextShutdownHook] INFO  o.s.c.n.e.s.EurekaServerBootstrap.contextDestroyed - Shutting down Eureka Server..
05-12-2020 13:23:30.274 [SpringContextShutdownHook] INFO  c.n.e.DefaultEurekaServerContext.shutdown - Shutting down ...
05-12-2020 13:23:30.315 [SpringContextShutdownHook] INFO  c.n.e.DefaultEurekaServerContext.shutdown - Shut down
05-12-2020 13:23:30.316 [SpringContextShutdownHook] INFO  o.s.c.n.e.s.EurekaServerBootstrap.contextDestroyed - Eureka Service is now shutdown...
05-12-2020 13:23:30.317 [SpringContextShutdownHook] INFO  c.n.e.DefaultEurekaServerContext.shutdown - Shutting down ...
05-12-2020 13:23:30.330 [SpringContextShutdownHook] INFO  c.n.e.DefaultEurekaServerContext.shutdown - Shut down
05-12-2020 13:23:30.339 [SpringContextShutdownHook] INFO  o.s.s.c.ThreadPoolTaskExecutor.shutdown - Shutting down ExecutorService 'applicationTaskExecutor'
05-12-2020 13:23:30.345 [SpringContextShutdownHook] INFO  c.netflix.discovery.DiscoveryClient.shutdown - Shutting down DiscoveryClient ...
05-12-2020 13:23:30.349 [SpringContextShutdownHook] INFO  c.netflix.discovery.DiscoveryClient.shutdown - Completed shut down of DiscoveryClient
05-12-2020 13:27:42.100 [main] INFO  o.s.b.t.c.SpringBootTestContextBootstrapper.buildDefaultMergedContextConfiguration - Neither @ContextConfiguration nor @ContextHierarchy found for test class [za.co.superdev.discovery.SuperdevEurekaServerApplicationTests], using SpringBootContextLoader
05-12-2020 13:27:42.116 [main] INFO  o.s.t.c.s.AbstractContextLoader.generateDefaultLocations - Could not detect default resource locations for test class [za.co.superdev.discovery.SuperdevEurekaServerApplicationTests]: no resource found for suffixes {-context.xml, Context.groovy}.
05-12-2020 13:27:42.119 [main] INFO  o.s.t.c.s.AnnotationConfigContextLoaderUtils.detectDefaultConfigurationClasses - Could not detect default configuration classes for test class [za.co.superdev.discovery.SuperdevEurekaServerApplicationTests]: SuperdevEurekaServerApplicationTests does not declare any static, non-private, non-final, nested classes annotated with @Configuration.
05-12-2020 13:27:42.481 [main] INFO  o.s.b.t.c.SpringBootTestContextBootstrapper.getOrFindConfigurationClasses - Found @SpringBootConfiguration za.co.superdev.discovery.SuperdevEurekaServerApplication for test class za.co.superdev.discovery.SuperdevEurekaServerApplicationTests
05-12-2020 13:27:42.870 [main] INFO  o.s.b.t.c.SpringBootTestContextBootstrapper.getDefaultTestExecutionListenerClassNames - Loaded default TestExecutionListener class names from location [META-INF/spring.factories]: [org.springframework.boot.test.mock.mockito.MockitoTestExecutionListener, org.springframework.boot.test.mock.mockito.ResetMocksTestExecutionListener, org.springframework.boot.test.autoconfigure.restdocs.RestDocsTestExecutionListener, org.springframework.boot.test.autoconfigure.web.client.MockRestServiceServerResetTestExecutionListener, org.springframework.boot.test.autoconfigure.web.servlet.MockMvcPrintOnlyOnFailureTestExecutionListener, org.springframework.boot.test.autoconfigure.web.servlet.WebDriverTestExecutionListener, org.springframework.boot.test.autoconfigure.webservices.client.MockWebServiceServerTestExecutionListener, org.springframework.test.context.web.ServletTestExecutionListener, org.springframework.test.context.support.DirtiesContextBeforeModesTestExecutionListener, org.springframework.test.context.support.DependencyInjectionTestExecutionListener, org.springframework.test.context.support.DirtiesContextTestExecutionListener, org.springframework.test.context.transaction.TransactionalTestExecutionListener, org.springframework.test.context.jdbc.SqlScriptsTestExecutionListener, org.springframework.test.context.event.EventPublishingTestExecutionListener]
05-12-2020 13:27:42.904 [main] INFO  o.s.b.t.c.SpringBootTestContextBootstrapper.getTestExecutionListeners - Using TestExecutionListeners: [org.springframework.test.context.web.ServletTestExecutionListener@72b16078, org.springframework.test.context.support.DirtiesContextBeforeModesTestExecutionListener@22c86919, org.springframework.boot.test.mock.mockito.MockitoTestExecutionListener@70fab835, org.springframework.boot.test.autoconfigure.SpringBootDependencyInjectionTestExecutionListener@1b0a7baf, org.springframework.test.context.support.DirtiesContextTestExecutionListener@62417a16, org.springframework.test.context.event.EventPublishingTestExecutionListener@32057e6, org.springframework.boot.test.mock.mockito.ResetMocksTestExecutionListener@26be6ca7, org.springframework.boot.test.autoconfigure.restdocs.RestDocsTestExecutionListener@6ea1bcdc, org.springframework.boot.test.autoconfigure.web.client.MockRestServiceServerResetTestExecutionListener@759fad4, org.springframework.boot.test.autoconfigure.web.servlet.MockMvcPrintOnlyOnFailureTestExecutionListener@64712be, org.springframework.boot.test.autoconfigure.web.servlet.WebDriverTestExecutionListener@53499d85, org.springframework.boot.test.autoconfigure.webservices.client.MockWebServiceServerTestExecutionListener@30ed9c6c]
05-12-2020 13:27:45.532 [main] INFO  z.c.s.d.SuperdevEurekaServerApplicationTests.logStarting - Starting SuperdevEurekaServerApplicationTests using Java 11.0.8 on DESKTOP-B4O327M with PID 6056 (started by maldi in D:\Lab\medium\.\superdev-eureka-server-part2)
05-12-2020 13:27:45.540 [main] INFO  z.c.s.d.SuperdevEurekaServerApplicationTests.logStartupProfileInfo - No active profile set, falling back to default profiles: default
05-12-2020 13:27:45.602 [background-preinit] INFO  o.h.validator.internal.util.Version.<clinit> - HV000001: Hibernate Validator 6.1.6.Final
05-12-2020 13:27:48.760 [main] INFO  o.s.cloud.context.scope.GenericScope.setSerializationId - BeanFactory id=91bff89c-2a53-3223-adc0-7d1d46ff5f2f
05-12-2020 13:27:50.480 [main] INFO  o.s.s.c.ThreadPoolTaskExecutor.initialize - Initializing ExecutorService 'applicationTaskExecutor'
05-12-2020 13:27:54.330 [main] INFO  o.s.c.n.e.c.DiscoveryClientOptionalArgsConfiguration.discoveryClientOptionalArgs - Eureka HTTP Client uses Jersey
05-12-2020 13:27:54.604 [main] WARN  o.s.c.l.c.LoadBalancerCacheAutoConfiguration$LoadBalancerCaffeineWarnLogger.logWarning - Spring Cloud LoadBalancer is currently working with the default cache. You can switch to using Caffeine cache, by adding it to the classpath.
05-12-2020 13:27:55.125 [main] INFO  o.s.c.n.eureka.InstanceInfoFactory.create - Setting initial instance status as: STARTING
05-12-2020 13:27:55.220 [main] INFO  c.netflix.discovery.DiscoveryClient.<init> - Initializing Eureka in region us-east-1
05-12-2020 13:27:55.220 [main] INFO  c.netflix.discovery.DiscoveryClient.<init> - Client configured to neither register nor query for data.
05-12-2020 13:27:55.255 [main] INFO  c.netflix.discovery.DiscoveryClient.<init> - Discovery Client initialized at timestamp 1607192875251 with initial instances count: 0
05-12-2020 13:27:55.390 [main] INFO  c.n.e.DefaultEurekaServerContext.initialize - Initializing ...
05-12-2020 13:27:55.404 [main] INFO  c.n.eureka.cluster.PeerEurekaNodes.updatePeerEurekaNodes - Adding new peer nodes [http://localhost:8761/eureka/]
05-12-2020 13:27:56.670 [main] INFO  c.n.d.p.DiscoveryJerseyProvider.<init> - Using JSON encoding codec LegacyJacksonJson
05-12-2020 13:27:56.670 [main] INFO  c.n.d.p.DiscoveryJerseyProvider.<init> - Using JSON decoding codec LegacyJacksonJson
05-12-2020 13:27:56.673 [main] INFO  c.n.d.p.DiscoveryJerseyProvider.<init> - Using XML encoding codec XStreamXml
05-12-2020 13:27:56.674 [main] INFO  c.n.d.p.DiscoveryJerseyProvider.<init> - Using XML decoding codec XStreamXml
05-12-2020 13:27:57.125 [main] INFO  c.n.eureka.cluster.PeerEurekaNodes.start - Replica node URL:  http://localhost:8761/eureka/
05-12-2020 13:27:57.151 [main] INFO  c.n.e.r.AbstractInstanceRegistry.initRemoteRegionRegistry - Finished initializing remote region registries. All known remote regions: []
05-12-2020 13:27:57.154 [main] INFO  c.n.e.DefaultEurekaServerContext.initialize - Initialized
05-12-2020 13:27:57.560 [main] INFO  o.s.b.a.e.web.EndpointLinksResolver.<init> - Exposing 2 endpoint(s) beneath base path '/actuator'
05-12-2020 13:27:57.690 [main] INFO  o.s.c.n.e.s.EurekaServiceRegistry.register - Registering application SUPERDEV-EUREKA-SERVER with eureka with status UP
05-12-2020 13:27:57.795 [Thread-9] INFO  o.s.c.n.e.s.EurekaServerBootstrap.initEurekaEnvironment - Setting the eureka configuration..
05-12-2020 13:27:57.835 [main] INFO  z.c.s.d.SuperdevEurekaServerApplicationTests.logStarted - Started SuperdevEurekaServerApplicationTests in 14.806 seconds (JVM running for 17.838)
05-12-2020 13:27:57.847 [Thread-9] INFO  o.s.c.n.e.s.EurekaServerBootstrap.isAws - isAws returned false
05-12-2020 13:27:57.849 [Thread-9] INFO  o.s.c.n.e.s.EurekaServerBootstrap.initEurekaServerContext - Initialized server context
05-12-2020 13:27:57.850 [Thread-9] INFO  c.n.e.r.PeerAwareInstanceRegistryImpl.openForTraffic - Got 1 instances from neighboring DS node
05-12-2020 13:27:57.851 [Thread-9] INFO  c.n.e.r.PeerAwareInstanceRegistryImpl.openForTraffic - Renew threshold is: 1
05-12-2020 13:27:57.856 [Thread-9] INFO  c.n.e.r.PeerAwareInstanceRegistryImpl.openForTraffic - Changing status to UP
05-12-2020 13:27:57.900 [Thread-9] INFO  o.s.c.n.e.s.EurekaServerInitializerConfiguration.lambda$start$0 - Started Eureka Server
05-12-2020 13:27:59.017 [SpringContextShutdownHook] INFO  o.s.c.n.e.s.EurekaServiceRegistry.deregister - Unregistering application SUPERDEV-EUREKA-SERVER with eureka with status DOWN
05-12-2020 13:27:59.021 [SpringContextShutdownHook] INFO  o.s.c.n.e.s.EurekaServerBootstrap.contextDestroyed - Shutting down Eureka Server..
05-12-2020 13:27:59.032 [SpringContextShutdownHook] INFO  c.n.e.DefaultEurekaServerContext.shutdown - Shutting down ...
05-12-2020 13:27:59.082 [SpringContextShutdownHook] INFO  c.n.e.DefaultEurekaServerContext.shutdown - Shut down
05-12-2020 13:27:59.083 [SpringContextShutdownHook] INFO  o.s.c.n.e.s.EurekaServerBootstrap.contextDestroyed - Eureka Service is now shutdown...
05-12-2020 13:27:59.086 [SpringContextShutdownHook] INFO  c.n.e.DefaultEurekaServerContext.shutdown - Shutting down ...
05-12-2020 13:27:59.103 [SpringContextShutdownHook] INFO  c.n.e.DefaultEurekaServerContext.shutdown - Shut down
05-12-2020 13:27:59.115 [SpringContextShutdownHook] INFO  o.s.s.c.ThreadPoolTaskExecutor.shutdown - Shutting down ExecutorService 'applicationTaskExecutor'
05-12-2020 13:27:59.118 [SpringContextShutdownHook] INFO  c.netflix.discovery.DiscoveryClient.shutdown - Shutting down DiscoveryClient ...
05-12-2020 13:27:59.121 [SpringContextShutdownHook] INFO  c.netflix.discovery.DiscoveryClient.shutdown - Completed shut down of DiscoveryClient
